Using pre-set license
Built from '2022.3/staging' branch; Version is '2022.3.3f1 (7cdc2969a641) revision 8182825'; Using compiler version '192829333'; Build Type 'Release'
OS: 'Windows 11  (10.0.26100) 64bit Professional' Language: 'ja' Physical Memory: 16085 MB
BatchMode: 1, IsHumanControllingUs: 0, StartBugReporterOnCrash: 0, Is64bit: 1, IsPro: 1

COMMAND LINE ARGUMENTS:
C:\Users\231009\Desktop\ãƒ•ã‚©ãƒ«ãƒ€é›†\å€‹äººãƒ•ã‚©ãƒ«ãƒ€\ã‚²ãƒ¼ãƒ ä½œã‚Šç³»ãƒ•ã‚©ãƒ«ãƒ€ãƒ¼\Unity\Hub\Editor\2022.3.3f1\Editor\Unity.exe
-adb2
-batchMode
-noUpm
-name
AssetImportWorker1
-projectPath
C:/Users/231009/Desktop/ãƒ•ã‚©ãƒ«ãƒ€é›†/å­¦æ ¡ç³»/å’è«–/ANOMIE
-logFile
Logs/AssetImportWorker1.log
-srvPort
59162
Successfully changed project path to: C:/Users/231009/Desktop/ãƒ•ã‚©ãƒ«ãƒ€é›†/å­¦æ ¡ç³»/å’è«–/ANOMIE
C:/Users/231009/Desktop/ãƒ•ã‚©ãƒ«ãƒ€é›†/å­¦æ ¡ç³»/å’è«–/ANOMIE
[UnityMemory] Configuration Parameters - Can be set up in boot.config
    "memorysetup-bucket-allocator-granularity=16"
    "memorysetup-bucket-allocator-bucket-count=8"
    "memorysetup-bucket-allocator-block-size=33554432"
    "memorysetup-bucket-allocator-block-count=8"
    "memorysetup-main-allocator-block-size=16777216"
    "memorysetup-thread-allocator-block-size=16777216"
    "memorysetup-gfx-main-allocator-block-size=16777216"
    "memorysetup-gfx-thread-allocator-block-size=16777216"
    "memorysetup-cache-allocator-block-size=4194304"
    "memorysetup-typetree-allocator-block-size=2097152"
    "memorysetup-profiler-bucket-allocator-granularity=16"
    "memorysetup-profiler-bucket-allocator-bucket-count=8"
    "memorysetup-profiler-bucket-allocator-block-size=33554432"
    "memorysetup-profiler-bucket-allocator-block-count=8"
    "memorysetup-profiler-allocator-block-size=16777216"
    "memorysetup-profiler-editor-allocator-block-size=1048576"
    "memorysetup-temp-allocator-size-main=16777216"
    "memorysetup-job-temp-allocator-block-size=2097152"
    "memorysetup-job-temp-allocator-block-size-background=1048576"
    "memorysetup-job-temp-allocator-reduction-small-platforms=262144"
    "memorysetup-allocator-temp-initial-block-size-main=262144"
    "memorysetup-allocator-temp-initial-block-size-worker=262144"
    "memorysetup-temp-allocator-size-background-worker=32768"
    "memorysetup-temp-allocator-size-job-worker=262144"
    "memorysetup-temp-allocator-size-preload-manager=33554432"
    "memorysetup-temp-allocator-size-nav-mesh-worker=65536"
    "memorysetup-temp-allocator-size-audio-worker=65536"
    "memorysetup-temp-allocator-size-cloud-worker=32768"
    "memorysetup-temp-allocator-size-gi-baking-worker=262144"
    "memorysetup-temp-allocator-size-gfx=262144"
Player connection [2976] Host "[IP] 172.16.3.11 [Port] 0 [Flags] 2 [Guid] 261970828 [EditorId] 261970828 [Version] 1048832 [Id] WindowsEditor(7,MSI) [Debug] 1 [PackageName] WindowsEditor [ProjectName] Editor" joined multi-casting on [225.0.0.222:54997]...

Player connection [2976] Host "[IP] 172.16.3.11 [Port] 0 [Flags] 2 [Guid] 261970828 [EditorId] 261970828 [Version] 1048832 [Id] WindowsEditor(7,MSI) [Debug] 1 [PackageName] WindowsEditor [ProjectName] Editor" joined alternative multi-casting on [225.0.0.222:34997]...

Refreshing native plugins compatible for Editor in 22.54 ms, found 4 plugins.
Preloading 0 native plugins for Editor in 0.00 ms.
Initialize engine version: 2022.3.3f1 (7cdc2969a641)
[Subsystems] Discovering subsystems at path C:/Users/231009/Desktop/ãƒ•ã‚©ãƒ«ãƒ€é›†/å€‹äººãƒ•ã‚©ãƒ«ãƒ€/ã‚²ãƒ¼ãƒ ä½œã‚Šç³»ãƒ•ã‚©ãƒ«ãƒ€ãƒ¼/Unity/Hub/Editor/2022.3.3f1/Editor/Data/Resources/UnitySubsystems
[Subsystems] Discovering subsystems at path C:/Users/231009/Desktop/ãƒ•ã‚©ãƒ«ãƒ€é›†/å­¦æ ¡ç³»/å’è«–/ANOMIE/Assets
GfxDevice: creating device client; threaded=0; jobified=0
Direct3D:
    Version:  Direct3D 11.0 [level 11.1]
    Renderer: NVIDIA GeForce RTX 3050 Laptop GPU (ID=0x25a2)
    Vendor:   NVIDIA
    VRAM:     3965 MB
    Driver:   32.0.15.5599
Initialize mono
Mono path[0] = 'C:/Users/231009/Desktop/ãƒ•ã‚©ãƒ«ãƒ€é›†/å€‹äººãƒ•ã‚©ãƒ«ãƒ€/ã‚²ãƒ¼ãƒ ä½œã‚Šç³»ãƒ•ã‚©ãƒ«ãƒ€ãƒ¼/Unity/Hub/Editor/2022.3.3f1/Editor/Data/Managed'
Mono path[1] = 'C:/Users/231009/Desktop/ãƒ•ã‚©ãƒ«ãƒ€é›†/å€‹äººãƒ•ã‚©ãƒ«ãƒ€/ã‚²ãƒ¼ãƒ ä½œã‚Šç³»ãƒ•ã‚©ãƒ«ãƒ€ãƒ¼/Unity/Hub/Editor/2022.3.3f1/Editor/Data/MonoBleedingEdge/lib/mono/unityjit-win32'
Mono config path = 'C:/Users/231009/Desktop/ãƒ•ã‚©ãƒ«ãƒ€é›†/å€‹äººãƒ•ã‚©ãƒ«ãƒ€/ã‚²ãƒ¼ãƒ ä½œã‚Šç³»ãƒ•ã‚©ãƒ«ãƒ€ãƒ¼/Unity/Hub/Editor/2022.3.3f1/Editor/Data/MonoBleedingEdge/etc'
Using monoOptions --debugger-agent=transport=dt_socket,embedding=1,server=y,suspend=n,address=127.0.0.1:56684
Begin MonoManager ReloadAssembly
Registering precompiled unity dll's ...
Register platform support module: C:/Users/231009/Desktop/ãƒ•ã‚©ãƒ«ãƒ€é›†/å€‹äººãƒ•ã‚©ãƒ«ãƒ€/ã‚²ãƒ¼ãƒ ä½œã‚Šç³»ãƒ•ã‚©ãƒ«ãƒ€ãƒ¼/Unity/Hub/Editor/2022.3.3f1/Editor/Data/PlaybackEngines/WindowsStandaloneSupport/UnityEditor.WindowsStandalone.Extensions.dll
Registered in 0.026666 seconds.
- Loaded All Assemblies, in  0.393 seconds
Native extension for WindowsStandalone target not found
Mono: successfully reloaded assembly
- Finished resetting the current domain, in  0.380 seconds
Domain Reload Profiling: 770ms
	BeginReloadAssembly (131ms)
		ExecutionOrderSort (0ms)
		DisableScriptedObjects (0ms)
		BackupInstance (0ms)
		ReleaseScriptingObjects (0ms)
		CreateAndSetChildDomain (1ms)
	RebuildCommonClasses (39ms)
	RebuildNativeTypeToScriptingClass (11ms)
	initialDomainReloadingComplete (81ms)
	LoadAllAssembliesAndSetupDomain (128ms)
		LoadAssemblies (127ms)
		RebuildTransferFunctionScriptingTraits (0ms)
		AnalyzeDomain (119ms)
			TypeCache.Refresh (118ms)
				TypeCache.ScanAssembly (107ms)
			ScanForSourceGeneratedMonoScriptInfo (0ms)
			ResolveRequiredComponents (0ms)
	FinalizeReload (380ms)
		ReleaseScriptCaches (0ms)
		RebuildScriptCaches (0ms)
		SetupLoadedEditorAssemblies (330ms)
			LogAssemblyErrors (0ms)
			InitializePlatformSupportModulesInManaged (9ms)
			SetLoadedEditorAssemblies (6ms)
			RefreshPlugins (0ms)
			BeforeProcessingInitializeOnLoad (2ms)
			ProcessInitializeOnLoadAttributes (117ms)
			ProcessInitializeOnLoadMethodAttributes (196ms)
			AfterProcessingInitializeOnLoad (0ms)
			EditorAssembliesLoaded (0ms)
		ExecutionOrderSort2 (0ms)
		AwakeInstancesAfterBackupRestoration (0ms)
========================================================================
Worker process is ready to serve import requests
Begin MonoManager ReloadAssembly
Symbol file LoadedFromMemory doesn't match image C:\Users\231009\Desktop\ãƒ•ã‚©ãƒ«ãƒ€é›†\å­¦æ ¡ç³»\å’è«–\ANOMIE\Library\PackageCache\com.unity.visualscripting@1.8.0\Editor\VisualScripting.Core\Dependencies\YamlDotNet\Unity.VisualScripting.YamlDotNet.dll
Symbol file LoadedFromMemory doesn't match image C:\Users\231009\Desktop\ãƒ•ã‚©ãƒ«ãƒ€é›†\å­¦æ ¡ç³»\å’è«–\ANOMIE\Library\PackageCache\com.unity.visualscripting@1.8.0\Editor\VisualScripting.Core\Dependencies\DotNetZip\Unity.VisualScripting.IonicZip.dll
- Loaded All Assemblies, in  0.875 seconds
Refreshing native plugins compatible for Editor in 6.20 ms, found 4 plugins.
Native extension for WindowsStandalone target not found
Mono: successfully reloaded assembly
- Finished resetting the current domain, in  0.790 seconds
Domain Reload Profiling: 1659ms
	BeginReloadAssembly (135ms)
		ExecutionOrderSort (0ms)
		DisableScriptedObjects (4ms)
		BackupInstance (0ms)
		ReleaseScriptingObjects (0ms)
		CreateAndSetChildDomain (22ms)
	RebuildCommonClasses (30ms)
	RebuildNativeTypeToScriptingClass (12ms)
	initialDomainReloadingComplete (50ms)
	LoadAllAssembliesAndSetupDomain (643ms)
		LoadAssemblies (368ms)
		RebuildTransferFunctionScriptingTraits (0ms)
		AnalyzeDomain (335ms)
			TypeCache.Refresh (299ms)
				TypeCache.ScanAssembly (285ms)
			ScanForSourceGeneratedMonoScriptInfo (27ms)
			ResolveRequiredComponents (9ms)
	FinalizeReload (790ms)
		ReleaseScriptCaches (0ms)
		RebuildScriptCaches (0ms)
		SetupLoadedEditorAssemblies (630ms)
			LogAssemblyErrors (0ms)
			InitializePlatformSupportModulesInManaged (7ms)
			SetLoadedEditorAssemblies (3ms)
			RefreshPlugins (0ms)
			BeforeProcessingInitializeOnLoad (75ms)
			ProcessInitializeOnLoadAttributes (470ms)
			ProcessInitializeOnLoadMethodAttributes (63ms)
			AfterProcessingInitializeOnLoad (12ms)
			EditorAssembliesLoaded (0ms)
		ExecutionOrderSort2 (0ms)
		AwakeInstancesAfterBackupRestoration (6ms)
Launched and connected shader compiler UnityShaderCompiler.exe after 0.04 seconds
Refreshing native plugins compatible for Editor in 6.05 ms, found 4 plugins.
Preloading 0 native plugins for Editor in 0.00 ms.
Unloading 5691 Unused Serialized files (Serialized files now loaded: 0)
Unloading 85 unused Assets / (351.3 KB). Loaded Objects now: 6153.
Memory consumption went from 221.2 MB to 220.9 MB.
Total: 3.838900 ms (FindLiveObjects: 0.411500 ms CreateObjectMapping: 0.302400 ms MarkObjects: 2.887600 ms  DeleteObjects: 0.236200 ms)

AssetImportParameters requested are different than current active one (requested -> active):
  custom:container-demuxer-ogg: 62fdf1f143b41e24485cea50d1cbac27 -> 
  custom:video-codec-MediaFoundation-h265: 746d11721c4dcdbdad8f713fa42b33f4 -> 
  custom:video-decoder-ogg-theora: a1e56fd34408186e4bbccfd4996cb3dc -> 
  custom:framework-win-MediaFoundation: 216162199b28c13a410421893ffa2e32 -> 
  custom:container-demuxer-webm: 4f35f7cbe854078d1ac9338744f61a02 -> 
  custom:container-muxer-webm: aa71ff27fc2769a1b78a27578f13a17b -> 
  custom:video-decoder-webm-vp8: 9c59270c3fd7afecdb556c50c9e8de78 -> 
  custom:AudioImporter_EditorPlatform: d09bf68614088b80899f8185d706f6e7 -> 
  custom:video-encoder-webm-vp8: eb34c28f22e8b96e1ab97ce403110664 -> 
  custom:audio-decoder-ogg-vorbis: bf7c407c2cedff20999df2af8eb42d56 -> 
  custom:audio-encoder-webm-vorbis: bf7c407c2cedff20999df2af8eb42d56 -> 
========================================================================
Received Import Request.
  Time since last request: 10189.143412 seconds.
  path: Assets/SPUM/Res/SPUM_Sprites/Packages/Ver121/1_FaceHair/Normal_Mustache2.png
  artifactKey: Guid(fb291865dd5b54f59a04745838aa2899) Importer(815301076,1909f56bfc062723c751e8b465ee728b)
Start importing Assets/SPUM/Res/SPUM_Sprites/Packages/Ver121/1_FaceHair/Normal_Mustache2.png using Guid(fb291865dd5b54f59a04745838aa2899) Importer(815301076,1909f56bfc062723c751e8b465ee728b)  -> (artifact id: '6a296b177ae35f7a8506cd8c8ceb2655') in 0.019813 seconds
Number of updated asset objects reloaded before import = 0
Number of asset objects unloaded after import = 2
========================================================================
Received Import Request.
  Time since last request: 7.494462 seconds.
  path: Assets/SPUM/Res/BG_Sample.png
  artifactKey: Guid(060ce4c8a249f4288a0afadc6fb09aa4) Importer(815301076,1909f56bfc062723c751e8b465ee728b)
Start importing Assets/SPUM/Res/BG_Sample.png using Guid(060ce4c8a249f4288a0afadc6fb09aa4) Importer(815301076,1909f56bfc062723c751e8b465ee728b)  -> (artifact id: '90d7a026731ccac6eaabaf29adffca39') in 0.001622 seconds
Number of updated asset objects reloaded before import = 0
Number of asset objects unloaded after import = 2
========================================================================
Received Import Request.
  Time since last request: 0.003678 seconds.
  path: Assets/RPGW_Caves/Sliced/Tilemap/DOUKUTUMAP.prefab
  artifactKey: Guid(0760d2578c77fb64f8a967a527cb744a) Importer(815301076,1909f56bfc062723c751e8b465ee728b)
Start importing Assets/RPGW_Caves/Sliced/Tilemap/DOUKUTUMAP.prefab using Guid(0760d2578c77fb64f8a967a527cb744a) Importer(815301076,1909f56bfc062723c751e8b465ee728b)  -> (artifact id: '6959d131e6846891bf7169929b2a56d1') in 0.005712 seconds
Number of updated asset objects reloaded before import = 0
Number of asset objects unloaded after import = 9
========================================================================
Received Import Request.
  Time since last request: 0.007598 seconds.
  path: Assets/RPGW_Caves/_oldfiles/RW_GrassLand_entrance.png
  artifactKey: Guid(71ff5bca61bd7ab46b9b6cd1a641875f) Importer(815301076,1909f56bfc062723c751e8b465ee728b)
Start importing Assets/RPGW_Caves/_oldfiles/RW_GrassLand_entrance.png using Guid(71ff5bca61bd7ab46b9b6cd1a641875f) Importer(815301076,1909f56bfc062723c751e8b465ee728b)  -> (artifact id: '384dce499483d939b26742f8163f4805') in 0.001681 seconds
Number of updated asset objects reloaded before import = 0
Number of asset objects unloaded after import = 2
========================================================================
Received Import Request.
  Time since last request: 0.000013 seconds.
  path: Assets/GimmickScript/Tile/SceneChange.asset
  artifactKey: Guid(755532fcc40dd864ba5f50be7b5ca634) Importer(815301076,1909f56bfc062723c751e8b465ee728b)
Start importing Assets/GimmickScript/Tile/SceneChange.asset using Guid(755532fcc40dd864ba5f50be7b5ca634) Importer(815301076,1909f56bfc062723c751e8b465ee728b)  -> (artifact id: 'f3437d2c83d0cff607dc08be484ead3c') in 0.003366 seconds
Number of updated asset objects reloaded before import = 0
Number of asset objects unloaded after import = 2
========================================================================
Received Import Request.
  Time since last request: 0.000012 seconds.
  path: Assets/RPGW_Caves/_oldfiles/RW_MarshLand_entrance.png
  artifactKey: Guid(59bae081744a4154c8fa3ee5bf8fa16b) Importer(815301076,1909f56bfc062723c751e8b465ee728b)
Start importing Assets/RPGW_Caves/_oldfiles/RW_MarshLand_entrance.png using Guid(59bae081744a4154c8fa3ee5bf8fa16b) Importer(815301076,1909f56bfc062723c751e8b465ee728b)  -> (artifact id: '2af1cb44504fdb828716c951be9c2a92') in 0.006433 seconds
Number of updated asset objects reloaded before import = 0
Number of asset objects unloaded after import = 2
========================================================================
Received Import Request.
  Time since last request: 0.000018 seconds.
  path: Assets/RPGW_Caves/Sliced/New Palette.prefab
  artifactKey: Guid(34e4c83ae06b68a49af41a772b14b7c2) Importer(815301076,1909f56bfc062723c751e8b465ee728b)
Start importing Assets/RPGW_Caves/Sliced/New Palette.prefab using Guid(34e4c83ae06b68a49af41a772b14b7c2) Importer(815301076,1909f56bfc062723c751e8b465ee728b)  -> (artifact id: '7ba2fdfd1e212f4f5b70273aa045bcde') in 0.005052 seconds
Number of updated asset objects reloaded before import = 0
Number of asset objects unloaded after import = 9
========================================================================
Received Import Request.
  Time since last request: 0.000013 seconds.
  path: Assets/SPUM/Res/Ect/Shadow.png
  artifactKey: Guid(acb3bfd86ae6c41b084245f578292734) Importer(815301076,1909f56bfc062723c751e8b465ee728b)
Start importing Assets/SPUM/Res/Ect/Shadow.png using Guid(acb3bfd86ae6c41b084245f578292734) Importer(815301076,1909f56bfc062723c751e8b465ee728b)  -> (artifact id: '39ee521afe7f07ed18b1b1e50e521f08') in 0.001941 seconds
Number of updated asset objects reloaded before import = 0
Number of asset objects unloaded after import = 2
========================================================================
Received Import Request.
  Time since last request: 0.000017 seconds.
  path: Assets/GimmickScript/Tile/Scene2.asset
  artifactKey: Guid(eefade24d1b0fbe45b99380e2feaca49) Importer(815301076,1909f56bfc062723c751e8b465ee728b)
Start importing Assets/GimmickScript/Tile/Scene2.asset using Guid(eefade24d1b0fbe45b99380e2feaca49) Importer(815301076,1909f56bfc062723c751e8b465ee728b)  -> (artifact id: 'b484faf3e5a09ec73a252cc6a46eb83e') in 0.001341 seconds
Number of updated asset objects reloaded before import = 0
Number of asset objects unloaded after import = 1
Editor requested this worker to shutdown with reason: Scaling down because of idle timeout
TcpMessagingSession - receive error: operation aborted. errorcode: 995, details: ƒXƒŒƒbƒh‚ÌI—¹‚Ü‚½‚ÍƒAƒvƒŠƒP[ƒVƒ‡ƒ“‚Ì—v‹‚É‚æ‚Á‚ÄAI/O ˆ—‚Í’†~‚³‚ê‚Ü‚µ‚½B
AssetImportWorker is now disconnected from the server
Process exiting
Exiting without the bug reporter. Application will terminate with return code 0